<?xml version="1.0" encoding="UTF-8"?>
<!-- Generated by org.testng.reporters.JUnitXMLReporter -->
<testsuite ignored="0" hostname="MacBook-Pro.local" failures="0" tests="3" name="Default test" time="5.864" errors="0" timestamp="2026-04-22T11:34:07 CDT">
  <testcase classname="tests.LoginTest" name="loginTest" time="0.163"/>
  <testcase classname="tests.LoginTest" name="loginTest" time="0.117"/>
  <testcase classname="tests.LoginTest" name="loginTest" time="0.117"/>
</testsuite> <!-- Default test -->
