<?xml version="1.0" encoding="UTF-8"?>
<!-- Generated by org.testng.reporters.JUnitReportReporter -->
<testsuite hostname="MacBook-Pro.local" failures="0" tests="3" name="tests.LoginTest" time="5.595" errors="0" timestamp="2026-04-22T11:34:07 CDT" skipped="0">
  <testcase classname="tests.LoginTest" name="loginTest" time="1.449"/>
  <testcase classname="tests.LoginTest" name="loginTest" time="2.704"/>
  <testcase classname="tests.LoginTest" name="loginTest" time="1.442"/>
</testsuite> <!-- tests.LoginTest -->
