<?xml version="1.0" encoding="UTF-8"?>
<!-- Generated by org.testng.reporters.JUnitReportReporter -->
<testsuite hostname="MacBook-Pro.local" failures="1" tests="1" name="runners.TestRunner" time="3.042" errors="0" timestamp="2026-04-20T12:14:23 CDT" skipped="0">
  <testcase classname="runners.TestRunner" name="runScenario" time="3.042">
    <failure message="Login failed expected [true] but found [false]" type="java.lang.AssertionError">
      <![CDATA[java.lang.AssertionError: Login failed expected [true] but found [false]
at org.testng.Assert.fail(Assert.java:111)
at org.testng.Assert.failNotEquals(Assert.java:1578)
at org.testng.Assert.assertTrue(Assert.java:57)
at stepdefinitions.LoginSteps.user_should_be_logged_in(LoginSteps.java:32)
at ✽.user should be logged in(file:///Users/chaitanyamaram/eclipse-workspace/automation-framework/src/test/resources/features/login.feature:7)
]]>
    </failure>
  </testcase> <!-- runScenario -->
</testsuite> <!-- runners.TestRunner -->
